{"/Volumes/Seagate/projects/tdd/vending-machine/test.js":{"path":"/Volumes/Seagate/projects/tdd/vending-machine/test.js","s":{"1":1,"2":1,"3":1,"4":1,"5":1,"6":1,"7":1,"8":1,"9":1,"10":1,"11":1,"12":1,"13":1,"14":1,"15":1,"16":1,"17":1,"18":1,"19":1,"20":1,"21":1,"22":1,"23":1},"b":{"1":[1,0],"2":[1,1],"3":[1,0],"4":[1,1]},"f":{"1":1,"2":1,"3":1,"4":1},"fnMap":{"1":{"name":"(anonymous_1)","line":12,"loc":{"start":{"line":12,"column":57},"end":{"line":12,"column":75}}},"2":{"name":"(anonymous_2)","line":18,"loc":{"start":{"line":18,"column":58},"end":{"line":18,"column":76}}},"3":{"name":"(anonymous_3)","line":24,"loc":{"start":{"line":24,"column":57},"end":{"line":24,"column":75}}},"4":{"name":"(anonymous_4)","line":30,"loc":{"start":{"line":30,"column":73},"end":{"line":30,"column":91}}}},"statementMap":{"1":{"start":{"line":4,"column":0},"end":{"line":10,"column":1}},"2":{"start":{"line":5,"column":2},"end":{"line":5,"column":33},"skip":true},"3":{"start":{"line":7,"column":2},"end":{"line":7,"column":24},"skip":true},"4":{"start":{"line":8,"column":2},"end":{"line":8,"column":43},"skip":true},"5":{"start":{"line":9,"column":2},"end":{"line":9,"column":41},"skip":true},"6":{"start":{"line":12,"column":0},"end":{"line":16,"column":3}},"7":{"start":{"line":13,"column":2},"end":{"line":13,"column":31}},"8":{"start":{"line":14,"column":2},"end":{"line":14,"column":20}},"9":{"start":{"line":15,"column":2},"end":{"line":15,"column":37}},"10":{"start":{"line":18,"column":0},"end":{"line":22,"column":3}},"11":{"start":{"line":19,"column":2},"end":{"line":19,"column":35}},"12":{"start":{"line":20,"column":2},"end":{"line":20,"column":33}},"13":{"start":{"line":21,"column":2},"end":{"line":21,"column":37}},"14":{"start":{"line":24,"column":0},"end":{"line":28,"column":3}},"15":{"start":{"line":25,"column":2},"end":{"line":25,"column":35}},"16":{"start":{"line":26,"column":2},"end":{"line":26,"column":33}},"17":{"start":{"line":27,"column":2},"end":{"line":27,"column":37}},"18":{"start":{"line":30,"column":0},"end":{"line":34,"column":3}},"19":{"start":{"line":31,"column":2},"end":{"line":31,"column":34}},"20":{"start":{"line":32,"column":2},"end":{"line":32,"column":49}},"21":{"start":{"line":33,"column":2},"end":{"line":33,"column":37}},"22":{"start":{"line":37,"column":0},"end":{"line":39,"column":1},"skip":true},"23":{"start":{"line":38,"column":2},"end":{"line":38,"column":15},"skip":true}},"branchMap":{"1":{"line":4,"type":"if","locations":[{"start":{"line":4,"column":0},"end":{"line":4,"column":0},"skip":true},{"start":{"line":4,"column":0},"end":{"line":4,"column":0}}]},"2":{"line":4,"type":"binary-expr","locations":[{"start":{"line":4,"column":4},"end":{"line":4,"column":33}},{"start":{"line":4,"column":37},"end":{"line":4,"column":51}}]},"3":{"line":37,"type":"if","locations":[{"start":{"line":37,"column":0},"end":{"line":37,"column":0},"skip":true},{"start":{"line":37,"column":0},"end":{"line":37,"column":0},"skip":true}]},"4":{"line":37,"type":"binary-expr","locations":[{"start":{"line":37,"column":4},"end":{"line":37,"column":33},"skip":true},{"start":{"line":37,"column":37},"end":{"line":37,"column":51},"skip":true}]}}},"/Volumes/Seagate/projects/tdd/vending-machine/change.js":{"path":"/Volumes/Seagate/projects/tdd/vending-machine/change.js","s":{"1":1,"2":1,"3":1,"4":1,"5":4,"6":32,"7":53,"8":32,"9":32,"10":32},"b":{"1":[1,0],"2":[1,1]},"f":{"1":4},"fnMap":{"1":{"name":"getChange","line":10,"loc":{"start":{"line":10,"column":0},"end":{"line":10,"column":43}}}},"statementMap":{"1":{"start":{"line":4,"column":0},"end":{"line":6,"column":1},"skip":true},"2":{"start":{"line":5,"column":2},"end":{"line":5,"column":29},"skip":true},"3":{"start":{"line":8,"column":0},"end":{"line":8,"column":46}},"4":{"start":{"line":10,"column":0},"end":{"line":31,"column":1}},"5":{"start":{"line":25,"column":2},"end":{"line":30,"column":9}},"6":{"start":{"line":26,"column":4},"end":{"line":26,"column":66}},"7":{"start":{"line":26,"column":51},"end":{"line":26,"column":61}},"8":{"start":{"line":27,"column":4},"end":{"line":27,"column":58}},"9":{"start":{"line":28,"column":4},"end":{"line":28,"column":55}},"10":{"start":{"line":29,"column":4},"end":{"line":29,"column":58}}},"branchMap":{"1":{"line":4,"type":"if","locations":[{"start":{"line":4,"column":0},"end":{"line":4,"column":0},"skip":true},{"start":{"line":4,"column":0},"end":{"line":4,"column":0},"skip":true}]},"2":{"line":4,"type":"binary-expr","locations":[{"start":{"line":4,"column":4},"end":{"line":4,"column":33},"skip":true},{"start":{"line":4,"column":37},"end":{"line":4,"column":51},"skip":true}]}}}}